2019/07/22 00:35:53 [error] [exception.CException] CException: CAssetManager.basePath "C:\xampp\htdocs\Yii-Facilito\yii-facilito\facilito2\assets" is invalid. Please make sure the directory exists and is writable by the Web server process. in C:\xampp\htdocs\Yii-Facilito\yii-facilito\framework\web\CAssetManager.php:138
Stack trace:
#0 C:\xampp\htdocs\Yii-Facilito\yii-facilito\framework\web\CAssetManager.php(123): CAssetManager->setBasePath('C:\\xampp\\htdocs...')
#1 C:\xampp\htdocs\Yii-Facilito\yii-facilito\framework\web\CAssetManager.php(217): CAssetManager->getBasePath()
#2 C:\xampp\htdocs\Yii-Facilito\yii-facilito\framework\web\CClientScript.php(462): CAssetManager->publish('C:\\xampp\\htdocs...')
#3 C:\xampp\htdocs\Yii-Facilito\yii-facilito\framework\web\CClientScript.php(499): CClientScript->getCoreScriptUrl()
#4 C:\xampp\htdocs\Yii-Facilito\yii-facilito\framework\web\CClientScript.php(315): CClientScript->getPackageBaseUrl('jquery')
#5 C:\xampp\htdocs\Yii-Facilito\yii-facilito\framework\web\CClientScript.php(208): CClientScript->renderCoreScripts()
#6 C:\xampp\htdocs\Yii-Facilito\yii-facilito\framework\web\CController.php(351): CClientScript->render('<!DOCTYPE html ...')
#7 C:\xampp\htdocs\Yii-Facilito\yii-facilito\framework\web\CController.php(788): CController->processOutput('<!DOCTYPE html ...')
#8 C:\xampp\htdocs\Yii-Facilito\yii-facilito\facilito2\protected\controllers\SiteController.php(72): CController->render('contact', Array)
#9 C:\xampp\htdocs\Yii-Facilito\yii-facilito\framework\web\actions\CInlineAction.php(49): SiteController->actionContact()
#10 C:\xampp\htdocs\Yii-Facilito\yii-facilito\framework\web\CController.php(308): CInlineAction->runWithParams(Array)
#11 C:\xampp\htdocs\Yii-Facilito\yii-facilito\framework\web\CController.php(286): CController->runAction(Object(CInlineAction))
#12 C:\xampp\htdocs\Yii-Facilito\yii-facilito\framework\web\CController.php(265): CController->runActionWithFilters(Object(CInlineAction), Array)
#13 C:\xampp\htdocs\Yii-Facilito\yii-facilito\framework\web\CWebApplication.php(282): CController->run('contact')
#14 C:\xampp\htdocs\Yii-Facilito\yii-facilito\framework\web\CWebApplication.php(141): CWebApplication->runController('site/contact')
#15 C:\xampp\htdocs\Yii-Facilito\yii-facilito\framework\base\CApplication.php(169): CWebApplication->processRequest()
#16 C:\xampp\htdocs\Yii-Facilito\yii-facilito\facilito2\index.php(13): CApplication->run()
#17 {main}
REQUEST_URI=/yii-facilito/yii-facilito/facilito2/index.php?r=site/contact
HTTP_REFERER=http://localhost/yii-facilito/yii-facilito/facilito2/
---
